
ROM used:   1558/131072 (1%)
            1558/131072 (1%) including unused fragments

            0.4 Average locations per line
            2.9 Average locations per statement

RAM used:   44/3936 (1%) at main() level
            63/3936 (2%) worst case

Stack used: 0 worst case (0 in main + 0 for interrupts)
Stack size: 31

Lines Stmts  %   Files
----- ----- ---  -----
   57    44   8  BAI_424_KEY_4X4_4LED_DICH_UNDO4.c
   26     0   0  tv_boards.c
  137   121  22  TV_MOPHONG.C
  104     0   0  TV_MOPHONG.h
  952     0   0  ..\..\..\Program Files (x86)\PICC\Devices\18f6722.h
 2228   258  48  ..\..\..\Program Files (x86)\PICC\Drivers\math.h
  179    86  16  TV_LOWLEVER.C
    7     0   0  TV_LOWLEVER.H
   45    30   6  tv_key4x4.c
   10     0   0  tv_key4x4.h
----- -----
 3745   539 Total

Page ROM  %  RAM    Vol Diff  Functions:
---- --- --- ---    --- ----  ----------
0     38   1    1             @delay_ms1
0     36   1    0             @const949
0     56   2    0    221  2.6  led32_display
0    100   3    0    452  2.8  d7seg_display
0     98   3    2    301  5.1  s7seg_display
0     24   1    0    561  6.9  @const970
0    168   5    2    970  7.8  KEYREAD
0     12   0    0     30  1.0  buzzer_off
0     12   0    0     30  1.0  triac_2_off
0     62   2    0    394  3.2  system_init
0     90   3    4    431  6.2  CHECK_MODULE
0     82   3    0    153  3.9  delay_start
0    142   5   13    789  3.9  @DIV3232
0    146   5    6    318  6.3  delay_stop
0    218   7    2    962  7.5  key4x4_read
0     40   1    0    336  5.6  @goto33933
0    230   7    1   2079  7.4  MAIN
 Inline         0             @cinit1

Program metrics:
    Functions               15
    Statements              539
    Comments                444
    Volume (V)              12706
    Difficulty (D)          72.8
    Effort to implement (E) 924623
    Time to implement (T)   14 hours, 16 minutes
    Est Delivered Bugs (B)  3
    Cyclomatic Complexity   38
    Maintainability (MI)    119

 Segment     Used  Free
-----------  ----  ----
00000-00002     4  0  
00004-0FFFE  1554  63978  
10000-1FFFE     0  65536  



