
ROM used:   2348/131072 (2%)
            2348/131072 (2%) including unused fragments

            0.6 Average locations per line
            4.3 Average locations per statement

RAM used:   36/3936 (1%) at main() level
            55/3936 (1%) worst case

Stack used: 3 worst case (3 in main + 0 for interrupts)
Stack size: 31

Lines Stmts  %   Files
----- ----- ---  -----
   54    44   8  BAI_617_LCD_4LED_8LED_DEM_SP_T0_UD.c
   26     0   0  tv_boards.c
  137   121  22  TV_MOPHONG.C
  104     0   0  TV_MOPHONG.h
  952     0   0  ..\..\..\Program Files (x86)\PICC\Devices\18f6722.h
 2228   258  47  ..\..\..\Program Files (x86)\PICC\Drivers\math.h
  179    86  16  TV_LOWLEVER.C
    7     0   0  TV_LOWLEVER.H
   57    35   6  tv_lcd.c
   58     0   0  TV_LCD.h
----- -----
 3802   544 Total

Page ROM  %  RAM    Vol Diff  Functions:
---- --- --- ---    --- ----  ----------
0     38   1    1             @delay_ms1
0     26   1    1             @delay_us1
0     36   1    0             @const949
0     56   1    0    221  2.6  led32_display
0    100   2    0    452  2.8  d7seg_display
0     96   2    2    301  5.1  s7seg_display
0     36   1    2    158  2.1  write_lcd20x4
0     12   0    0     30  1.0  buzzer_off
0     12   0    0     30  1.0  triac_2_off
0     62   1    0    394  3.2  system_init
0     90   2    4    431  6.2  CHECK_MODULE
0     82   2    0    153  3.9  delay_start
0    142   3   13    789  3.9  @DIV3232
0    146   3    6    318  6.3  delay_stop
0    398   8    4   1125  7.2  inputcd
0     62   1    6     32  1.0  @WRITEBITA
0     50   1    5     67  1.2  @READBITA
0     40   1    0     69  1.1  @goto426
0     84   2    0    153  3.9  @const1050
0     30   1    1     98  2.0  lcd_command
0     32   1    1     98  2.0  lcd_data
0     86   2    2    332  4.1  lcd_setup
0     24   1    0             @const1057
0     20   0    3    155  3.8  lcd_goto
0     40   1    3             @DIV88
0    106   2    1    415  5.2  kt_nutnhan
0    438   9    1   1333  6.9  MAIN
 Inline         0    332  4.1  @cinit1

Program metrics:
    Functions               23
    Statements              544
    Comments                471
    Volume (V)              12970
    Difficulty (D)          82.2
    Effort to implement (E) 1065509
    Time to implement (T)   16 hours, 27 minutes
    Est Delivered Bugs (B)  3
    Cyclomatic Complexity   29
    Maintainability (MI)    120

 Segment     Used  Free
-----------  ----  ----
00000-00002     4  0  
00004-0FFFE  2344  63188  
10000-1FFFE     0  65536  



