
ROM used:   2644/32768 (8%)
            2644/32768 (8%) including unused fragments

            0.7 Average locations per line
            4.0 Average locations per statement

RAM used:   44/2048 (2%) at main() level
            63/2048 (3%) worst case

Stack used: 5 worst case (5 in main + 0 for interrupts)
Stack size: 31

Lines Stmts  %   Files
----- ----- ---  -----
   93    74  11  BAI_625_LCD_4LED_DEM_SP_T0_MATRIX_KEY.c
   26     0   0  tv_boards.c
  239   186  28  TV_D501_TH.C
  135     0   0  TV_D501_TH.h
  876     0   0  ..\..\..\Program Files (x86)\PICC\Devices\18f4550.h
 2228   258  39  ..\..\..\Program Files (x86)\PICC\Drivers\math.h
  179    80  12  TV_LOWLEVER.C
    7     0   0  TV_LOWLEVER.H
   45    30   5  tv_key4x4.c
   10     0   0  tv_key4x4.h
   57    35   5  tv_lcd.c
   58     0   0  TV_LCD.h
----- -----
 3953   663 Total

Page ROM  %  RAM    Vol Diff  Functions:
---- --- --- ---    --- ----  ----------
0     38   1    1             @delay_ms1
0     26   0    1             @delay_us1
0     32   1    0             @const929
0     40   1    0    221  2.6  led32_display
0     38   1    0    221  2.6  d7seg_display
0     84   2    3    355  6.1  s7seg_display
0    120   2    1    561  6.9  KEYREAD
0     38   1    0    172  2.1  private_write_glcd_lcd
0     20   0    2    120  3.4  write_lcd20x4
0     22   0    2    120  3.4  write_glcd128x64
0     72   1   10    362  3.3  write_ledmatrix
0     28   1    0    151  2.5  private_write_buzzer_relay
0    110   2    0    561  3.8  system_init
0    114   2    1   1186  3.3  SSPI_WRITE
0     82   2    0    153  3.9  delay_start
0    142   3   13             @DIV3232
0    146   3    6    318  6.3  delay_stop
0    218   4    2    968  7.3  key4x4_read
0     34   1    0    155  3.8  @goto38955
0     80   2    0    250  7.0  @const1051
0     30   1    1     98  2.0  lcd_command
0     32   1    1     98  2.0  lcd_data
0     86   2    2    332  4.1  lcd_setup
0     20   0    0    693  5.6  @const1058
0     20   0    3    155  3.8  lcd_goto
0     40   1    3    376  7.9  @DIV88
0    438   8    1   2308  8.4  kt_nutnhan
0    490   9    1   1333  6.9  MAIN
 Inline         0             @cinit1

Program metrics:
    Functions               24
    Statements              663
    Comments                456
    Volume (V)              19142
    Difficulty (D)          110.0
    Effort to implement (E) 2106109
    Time to implement (T)   32 hours, 30 minutes
    Est Delivered Bugs (B)  5
    Cyclomatic Complexity   44
    Maintainability (MI)    105

 Segment     Used  Free
-----------  ----  ----
00000-00002     4  0  
00004-07FFE  2640  30124  



