
ROM used:   596/131072 (0%)
            596/131072 (0%) including unused fragments

            0.2 Average locations per line
            1.3 Average locations per statement

RAM used:   34/3936 (1%) at main() level
            53/3936 (1%) worst case

Stack used: 0 worst case (0 in main + 0 for interrupts)
Stack size: 31

Lines Stmts  %   Files
----- ----- ---  -----
   16     9   2  BAI_302_CHOPTAT_16LED.c
   26     0   0  tv_boards.c
  137   121  26  TV_MOPHONG.C
  104     0   0  TV_MOPHONG.h
  952     0   0  ..\..\..\Program Files (x86)\PICC\Devices\18f6722.h
 2228   258  54  ..\..\..\Program Files (x86)\PICC\Drivers\math.h
  179    86  18  TV_LOWLEVER.C
    7     0   0  TV_LOWLEVER.H
----- -----
 3649   474 Total

Page ROM  %  RAM    Vol Diff  Functions:
---- --- --- ---    --- ----  ----------
0     42   4    1             @delay_ms1
0     54   5    0    221  2.6  led32_display
0    102   9    0    452  2.8  d7seg_display
0     98   8    2    301  5.1  s7seg_display
0     12   1    0     30  1.0  buzzer_off
0     12   1    0     30  1.0  triac_2_off
0     62   5    0    394  3.2  system_init
0     90   8    4    431  6.2  CHECK_MODULE
0    120  10    1    181  3.1  MAIN
 Inline         0    336  5.6  @cinit1

Program metrics:
    Functions               9
    Statements              474
    Comments                442
    Volume (V)              3709
    Difficulty (D)          31.5
    Effort to implement (E) 116655
    Time to implement (T)   1 hours, 48 minutes
    Est Delivered Bugs (B)  1
    Cyclomatic Complexity   6
    Maintainability (MI)    26

 Segment     Used  Free
-----------  ----  ----
00000-00002     4  0  
00004-0FFFE   592  64940  
10000-1FFFE     0  65536  



