
ROM used:   1396/131072 (1%)
            1396/131072 (1%) including unused fragments

            0.4 Average locations per line
            2.8 Average locations per statement

RAM used:   38/3936 (1%) at main() level
            57/3936 (1%) worst case

Stack used: 0 worst case (0 in main + 0 for interrupts)
Stack size: 31

Lines Stmts  %   Files
----- ----- ---  -----
   16     7   1  BAI_332_MATRANPHIM_LEDDON.c
   26     0   0  tv_boards.c
  137   121  24  TV_MOPHONG.C
  104     0   0  TV_MOPHONG.h
  952     0   0  ..\..\..\Program Files (x86)\PICC\Devices\18f6722.h
 2228   258  51  ..\..\..\Program Files (x86)\PICC\Drivers\math.h
  179    86  17  TV_LOWLEVER.C
    7     0   0  TV_LOWLEVER.H
   45    30   6  tv_key4x4.c
   10     0   0  tv_key4x4.h
----- -----
 3704   502 Total

Page ROM  %  RAM    Vol Diff  Functions:
---- --- --- ---    --- ----  ----------
0     38   1    1             @delay_ms1
0     54   2    0    221  2.6  led32_display
0    102   4    0    452  2.8  d7seg_display
0     98   4    2    301  5.1  s7seg_display
0     24   1    0             @const970
0    168   6    2    970  7.8  KEYREAD
0     12   0    0     30  1.0  buzzer_off
0     12   0    0     30  1.0  triac_2_off
0     62   2    0    394  3.2  system_init
0     90   3    4    431  6.2  CHECK_MODULE
0     82   3    0    153  3.9  delay_start
0    142   5   13             @DIV3232
0    146   5    6    318  6.3  delay_stop
0    218   8    2    962  7.5  key4x4_read
0     40   1    0    349  5.1  @goto10430
0    104   4    1    115  3.3  MAIN
 Inline         0    136  3.9  @cinit1

Program metrics:
    Functions               14
    Statements              502
    Comments                444
    Volume (V)              7910
    Difficulty (D)          60.8
    Effort to implement (E) 480576
    Time to implement (T)   7 hours, 25 minutes
    Est Delivered Bugs (B)  2
    Cyclomatic Complexity   31
    Maintainability (MI)    112

 Segment     Used  Free
-----------  ----  ----
00000-00002     4  0  
00004-0FFFE  1392  64140  
10000-1FFFE     0  65536  



