
ROM used:   1736/131072 (1%)
            1736/131072 (1%) including unused fragments

            0.5 Average locations per line
            3.6 Average locations per statement

RAM used:   35/3936 (1%) at main() level
            54/3936 (1%) worst case

Stack used: 0 worst case (0 in main + 0 for interrupts)
Stack size: 31

Lines Stmts  %   Files
----- ----- ---  -----
   28    20   4  BAI_518_DEM_XUNG_T0_SSC.c
   26     0   0  tv_boards.c
  137   121  25  TV_MOPHONG.C
  104     0   0  TV_MOPHONG.h
  952     0   0  ..\..\..\Program Files (x86)\PICC\Devices\18f6722.h
 2228   258  53  ..\..\..\Program Files (x86)\PICC\Drivers\math.h
  179    86  18  TV_LOWLEVER.C
    7     0   0  TV_LOWLEVER.H
----- -----
 3661   485 Total

Page ROM  %  RAM    Vol Diff  Functions:
---- --- --- ---    --- ----  ----------
0     38   1    1             @delay_ms1
0     36   1    0             @const949
0     56   2    0    221  2.6  led32_display
0    102   3    0    452  2.8  d7seg_display
0     96   3    2    301  5.1  s7seg_display
0     12   0    0     30  1.0  buzzer_off
0     12   0    0     30  1.0  triac_2_off
0     62   2    0    394  3.2  system_init
0     90   3    4    431  6.2  CHECK_MODULE
0     82   2    0    153  3.9  delay_start
0    142   4   13             @DIV3232
0    146   4    6    318  6.3  delay_stop
0    398  11    4   1119  7.4  inputcd
0     62   2    6             @WRITEBITA
0     50   1    5             @READBITA
0     40   1    0             @goto54874
0     64   2    1    212  3.6  kt_nutnhan
0    172   5    1    351  5.6  MAIN
0     72   2    4             @DIVS88
 Inline         0             @cinit1

Program metrics:
    Functions               12
    Statements              485
    Comments                434
    Volume (V)              6424
    Difficulty (D)          49.0
    Effort to implement (E) 315080
    Time to implement (T)   4 hours, 52 minutes
    Est Delivered Bugs (B)  2
    Cyclomatic Complexity   22
    Maintainability (MI)    83

 Segment     Used  Free
-----------  ----  ----
00000-00002     4  0  
00004-0FFFE  1732  63800  
10000-1FFFE     0  65536  



