
ROM used:   1540/32768 (5%)
            1540/32768 (5%) including unused fragments

            0.4 Average locations per line
            2.3 Average locations per statement

RAM used:   38/2048 (2%) at main() level
            58/2048 (3%) worst case

Stack used: 3 worst case (3 in main + 0 for interrupts)
Stack size: 31

Lines Stmts  %   Files
----- ----- ---  -----
  174   133  20  BAI_314_TONGHOP_32LED.c
   26     0   0  tv_boards.c
  239   186  28  TV_D501_TH.C
  135     0   0  TV_D501_TH.h
  876     0   0  ..\..\..\Program Files (x86)\PICC\Devices\18f4550.h
 2228   258  39  ..\..\..\Program Files (x86)\PICC\Drivers\math.h
  179    80  12  TV_LOWLEVER.C
    7     0   0  TV_LOWLEVER.H
----- -----
 3864   657 Total

Page ROM  %  RAM    Vol Diff  Functions:
---- --- --- ---    --- ----  ----------
0     38   1    1             @delay_ms1
0     38   1    0    221  2.6  led32_display
0     40   1    0    221  2.6  d7seg_display
0     86   3    3    355  6.1  s7seg_display
0     38   1    0    172  2.1  private_write_glcd_lcd
0     22   1    2    120  3.4  write_lcd20x4
0     22   1    2    120  3.4  write_glcd128x64
0     72   2   10    362  3.3  write_ledmatrix
0     28   1    0    151  2.5  private_write_buzzer_relay
0    110   4    0    561  3.8  system_init
0    146   5    1   1186  3.3  SSPI_WRITE
0     40   1    1    167  4.3  chop_tat_5_lan
0     76   2    1    174  4.8  sang_dan_pst
0     52   2    1    163  4.3  tat_dan_pst
0     76   2    1    174  4.8  sang_dan_tsp
0     52   2    1    163  4.3  tat_dan_tsp
0     88   3    0    259  5.9  sang_dan_ngoai_vao
0     64   2    0    237  5.4  tat_dan_ngoai_vao
0     88   3    0    259  5.9  sang_dan_trong_ra
0     64   2    0    237  5.4  tat_dan_trong_ra
0    296  10    0   1335  3.9  MAIN
 Inline         0    412  7.4  @cinit1

Program metrics:
    Functions               21
    Statements              657
    Comments                429
    Volume (V)              12343
    Difficulty (D)          91.9
    Effort to implement (E) 1134322
    Time to implement (T)   17 hours, 30 minutes
    Est Delivered Bugs (B)  4
    Cyclomatic Complexity   42
    Maintainability (MI)    115

 Segment     Used  Free
-----------  ----  ----
00000-00002     4  0  
00004-07FFE  1536  31228  



