
ROM used:   4206/32768 (13%)
            4206/32768 (13%) including unused fragments

            1.1 Average locations per line
            5.9 Average locations per statement

RAM used:   67/2048 (3%) at main() level
            86/2048 (4%) worst case

Stack used: 7 worst case (6 in main + 1 for interrupts)
Stack size: 31

Lines Stmts  %   Files
----- ----- ---  -----
  195   158  22  BAI_645_LCD_TIMER_3FONT.c
   26     0   0  tv_boards.c
  239   186  26  TV_D501_TH.C
  135     0   0  TV_D501_TH.h
  876     0   0  ..\..\..\Program Files (x86)\PICC\Devices\18f4550.h
 2228   258  36  ..\..\..\Program Files (x86)\PICC\Drivers\math.h
  179    80  11  TV_LOWLEVER.C
    7     0   0  TV_LOWLEVER.H
   57    35   5  tv_lcd.c
   58     0   0  TV_LCD.h
----- -----
 4000   717 Total

Page ROM  %  RAM    Vol Diff  Functions:
---- --- --- ---    --- ----  ----------
0     38   0    1             @delay_ms1
0     26   0    1             @delay_us1
0     40   0    0    221  2.6  led32_display
0     40   0    0    221  2.6  d7seg_display
0     86   1    3    355  6.1  s7seg_display
0     38   0    0    172  2.1  private_write_glcd_lcd
0     20   0    2    120  3.4  write_lcd20x4
0     22   0    2    120  3.4  write_glcd128x64
0     72   1   10    362  3.3  write_ledmatrix
0     28   0    0    151  2.5  private_write_buzzer_relay
0    110   1    0    561  3.8  system_init
0    114   1    1   1186  3.3  SSPI_WRITE
0     82   1    0    153  3.9  delay_start
0    142   2   13             @DIV3232
0    146   2    6    318  6.3  delay_stop
0    398   5    4   1125  7.2  inputcd
0     62   1    6     98  2.0  @WRITEBITA
0     50   1    5     98  2.0  @READBITA
0     34   0    0    332  4.1  @goto48700
0     82   1    0   1333  6.9  @const1035
0    148   2    0    155  3.8  @const1039
0     80   1    0    293  6.5  @const1043
0     30   0    1     98  2.0  lcd_command
0     32   0    1     98  2.0  lcd_data
0     86   1    2    332  4.1  lcd_setup
0     20   0    0   1333  6.9  @const1050
0     20   0    3    155  3.8  lcd_goto
0     92   1    6    293  6.5  lcd_write_2x3_num
0     74   1    2   1333  6.9  @MUL88
0    100   1    5    250  7.0  lcd_write_4x3_num
0     40   0    3             @DIV88
0    356   4    1   1782  5.8  kt_nutnhan
0     22   0    0     29  1.2  @const1068
0     32   0    2   1333  6.9  @PSTRINGC_1021
0     22   0    0             @const1073
0     22   0    0   1225  6.7  @const1074
0     22   0    0   1225  6.7  @const1075
0     22   0    0    376  7.9  @const1076
0     22   0    0             @const1077
0     22   0    0             @const1078
0    938  11    1   3553  7.9  MAIN
0    102   1    2             @PRINTF_U_1021
0     72   1    4             @DIVS88
0      4   0    0     29  1.2  @const1092
0      4   0    0             @const1095
0      4   0    0             @const1097
0     18   0    0     29  1.2  ngat_timer1
 Inline         0             @cinit1

Program metrics:
    Functions               36
    Statements              717
    Comments                456
    Volume (V)              36016
    Difficulty (D)          163.0
    Effort to implement (E) 5871538
    Time to implement (T)   90 hours, 37 minutes
    Est Delivered Bugs (B)  11
    Cyclomatic Complexity   89
    Maintainability (MI)    51

 Segment     Used  Free
-----------  ----  ----
00000-00002     4  0  
00004-00006     0  4  
00008-000AC   166  0  
000AE-07FFE  4036  28558  



