
ROM used:   1894/32768 (6%)
            1894/32768 (6%) including unused fragments

            0.5 Average locations per line
            3.1 Average locations per statement

RAM used:   41/2048 (2%) at main() level
            61/2048 (3%) worst case

Stack used: 0 worst case (0 in main + 0 for interrupts)
Stack size: 31

Lines Stmts  %   Files
----- ----- ---  -----
   27    13   2  BAI_621_LCD_KEX4X4.c
   26     0   0  tv_boards.c
  239   186  31  TV_D501_TH.C
  135     0   0  TV_D501_TH.h
  876     0   0  ..\..\..\Program Files (x86)\PICC\Devices\18f4550.h
 2228   258  43  ..\..\..\Program Files (x86)\PICC\Drivers\math.h
  179    80  13  TV_LOWLEVER.C
    7     0   0  TV_LOWLEVER.H
   57    35   6  tv_lcd.c
   58     0   0  TV_LCD.h
   45    30   5  tv_key4x4.c
   10     0   0  tv_key4x4.h
----- -----
 3887   602 Total

Page ROM  %  RAM    Vol Diff  Functions:
---- --- --- ---    --- ----  ----------
0     38   1    1             @delay_ms1
0     26   1    1             @delay_us1
0     40   1    0    221  2.6  led32_display
0     40   1    0    221  2.6  d7seg_display
0     86   2    3    355  6.1  s7seg_display
0    120   3    1    561  6.9  KEYREAD
0     38   1    0    172  2.1  private_write_glcd_lcd
0     20   1    2    120  3.4  write_lcd20x4
0     22   1    2    120  3.4  write_glcd128x64
0     72   2   10    362  3.3  write_ledmatrix
0     28   1    0    151  2.5  private_write_buzzer_relay
0    110   3    0    561  3.8  system_init
0    114   3    1   1186  3.3  SSPI_WRITE
0     82   2    0    153  3.9  delay_start
0    142   4   13             @DIV3232
0    146   4    6    318  6.3  delay_stop
0     80   2    0             @const1043
0     30   1    1     98  2.0  lcd_command
0     32   1    1     98  2.0  lcd_data
0     86   2    2    332  4.1  lcd_setup
0     20   1    0             @const1050
0     20   1    3    155  3.8  lcd_goto
0    218   6    2    962  7.5  key4x4_read
0     34   1    0   1333  6.9  @goto28442
0     48   1    1    187  4.4  kt_nutnhan
0    150   4    0    102  1.9  MAIN
0     14   0    0     29  1.2  @const1072
0     34   1    2     29  1.2  @PSTRINGC_1021
 Inline         0             @cinit1

Program metrics:
    Functions               23
    Statements              602
    Comments                456
    Volume (V)              13547
    Difficulty (D)          87.0
    Effort to implement (E) 1178205
    Time to implement (T)   18 hours, 11 minutes
    Est Delivered Bugs (B)  4
    Cyclomatic Complexity   32
    Maintainability (MI)    113

 Segment     Used  Free
-----------  ----  ----
00000-00002     4  0  
00004-07FFE  1890  30874  



