
ROM used:   2318/131072 (2%)
            2318/131072 (2%) including unused fragments

            0.6 Average locations per line
            4.3 Average locations per statement

RAM used:   63/3936 (2%) at main() level
            82/3936 (2%) worst case

Stack used: 1 worst case (0 in main + 1 for interrupts)
Stack size: 31

Lines Stmts  %   Files
----- ----- ---  -----
   94    78  14  BAI_516_GIO_PHUT_GIAY_KEY_CAITIEN_DAUCHAM.c
   26     0   0  tv_boards.c
  137   121  22  TV_MOPHONG.C
  104     0   0  TV_MOPHONG.h
  952     0   0  ..\..\..\Program Files (x86)\PICC\Devices\18f6722.h
 2228   258  48  ..\..\..\Program Files (x86)\PICC\Drivers\math.h
  179    86  16  TV_LOWLEVER.C
    7     0   0  TV_LOWLEVER.H
----- -----
 3727   543 Total

Page ROM  %  RAM    Vol Diff  Functions:
---- --- --- ---    --- ----  ----------
0     38   1    1             @delay_ms1
0     36   1    0             @const949
0     56   1    0    221  2.6  led32_display
0    102   2    0    452  2.8  d7seg_display
0     96   2    2    301  5.1  s7seg_display
0     12   0    0     30  1.0  buzzer_off
0     12   0    0     30  1.0  triac_2_off
0     62   1    0    394  3.2  system_init
0     90   2    4    431  6.2  CHECK_MODULE
0     82   2    0    153  3.9  delay_start
0    142   3   13    789  3.9  @DIV3232
0    146   3    6    318  6.3  delay_stop
0    398   9    4   1119  7.4  inputcd
0     62   1    6     32  1.0  @WRITEBITA
0     50   1    5     67  1.2  @READBITA
0     40   1    0     69  1.1  @goto2300
0    180   4    1    919  5.8  kt_nutnhan
0    438   9    1   1661  7.4  MAIN
0     72   2    4    153  3.9  @DIVS88
0     18   0    0     29  1.2  ngat_timer1
 Inline         0    318  6.3  @cinit1

Program metrics:
    Functions               19
    Statements              543
    Comments                442
    Volume (V)              12257
    Difficulty (D)          73.8
    Effort to implement (E) 904260
    Time to implement (T)   13 hours, 57 minutes
    Est Delivered Bugs (B)  3
    Cyclomatic Complexity   44
    Maintainability (MI)    129

 Segment     Used  Free
-----------  ----  ----
00000-00002     4  0  
00004-00006     0  4  
00008-000BC   182  0  
000BE-0FFFE  2132  63214  
10000-1FFFE     0  65536  



