
ROM used:   624/131072 (0%)
            624/131072 (0%) including unused fragments

            0.2 Average locations per line
            1.3 Average locations per statement

RAM used:   35/3936 (1%) at main() level
            54/3936 (1%) worst case

Stack used: 0 worst case (0 in main + 0 for interrupts)
Stack size: 31

Lines Stmts  %   Files
----- ----- ---  -----
   16     8   2  BAI_402_DEM_0_9.c
   26     0   0  tv_boards.c
  137   121  26  TV_MOPHONG.C
  104     0   0  TV_MOPHONG.h
  952     0   0  ..\..\..\Program Files (x86)\PICC\Devices\18f6722.h
 2228   258  55  ..\..\..\Program Files (x86)\PICC\Drivers\math.h
  179    86  18  TV_LOWLEVER.C
    7     0   0  TV_LOWLEVER.H
----- -----
 3649   473 Total

Page ROM  %  RAM    Vol Diff  Functions:
---- --- --- ---    --- ----  ----------
0     38   3    1             @delay_ms1
0     36   3    0             @const949
0     56   4    0    221  2.6  led32_display
0    100   8    0    452  2.8  d7seg_display
0     98   8    2    301  5.1  s7seg_display
0     12   1    0     30  1.0  buzzer_off
0     12   1    0     30  1.0  triac_2_off
0     62   5    0    394  3.2  system_init
0     90   7    4    431  6.2  CHECK_MODULE
0    116   9    1    185  4.4  MAIN
 Inline         0             @cinit1

Program metrics:
    Functions               8
    Statements              473
    Comments                434
    Volume (V)              3121
    Difficulty (D)          26.9
    Effort to implement (E) 84038
    Time to implement (T)   1 hours, 18 minutes
    Est Delivered Bugs (B)  1
    Cyclomatic Complexity   5
    Maintainability (MI)    28

 Segment     Used  Free
-----------  ----  ----
00000-00002     4  0  
00004-0FFFE   620  64912  
10000-1FFFE     0  65536  



