
ROM used:   1534/32768 (5%)
            1534/32768 (5%) including unused fragments

            0.4 Average locations per line
            2.7 Average locations per statement

RAM used:   40/2048 (2%) at main() level
            59/2048 (3%) worst case

Stack used: 1 worst case (1 in main + 0 for interrupts)
Stack size: 31

Lines Stmts  %   Files
----- ----- ---  -----
   17    10   2  BAI_333_MATRANPHIM_8LED_ON_OFF.c
   26     0   0  tv_boards.c
  239   186  33  TV_D501_TH.C
  135     0   0  TV_D501_TH.h
  876     0   0  ..\..\..\Program Files (x86)\PICC\Devices\18f4550.h
 2228   258  46  ..\..\..\Program Files (x86)\PICC\Drivers\math.h
  179    80  14  TV_LOWLEVER.C
    7     0   0  TV_LOWLEVER.H
   45    30   5  tv_key4x4.c
   10     0   0  tv_key4x4.h
----- -----
 3762   564 Total

Page ROM  %  RAM    Vol Diff  Functions:
---- --- --- ---    --- ----  ----------
0     40   1    1             @delay_ms1
0     38   1    0    221  2.6  led32_display
0     40   1    0    221  2.6  d7seg_display
0     86   3    3    355  6.1  s7seg_display
0    120   4    1    561  6.9  KEYREAD
0     38   1    0    172  2.1  private_write_glcd_lcd
0     22   1    2    120  3.4  write_lcd20x4
0     22   1    2    120  3.4  write_glcd128x64
0     72   2   10    362  3.3  write_ledmatrix
0     28   1    0    151  2.5  private_write_buzzer_relay
0    110   4    0    561  3.8  system_init
0    146   5    1   1186  3.3  SSPI_WRITE
0     82   3    0    153  3.9  delay_start
0    142   5   13             @DIV3232
0    146   5    6    318  6.3  delay_stop
0    218   7    2    962  7.5  key4x4_read
0     34   1    0    129  3.8  @goto59535
0    146   5    1    248  4.5  MAIN
 Inline         0    312  6.0  @cinit1

Program metrics:
    Functions               17
    Statements              564
    Comments                429
    Volume (V)              10402
    Difficulty (D)          73.2
    Effort to implement (E) 761708
    Time to implement (T)   11 hours, 45 minutes
    Est Delivered Bugs (B)  3
    Cyclomatic Complexity   35
    Maintainability (MI)    130

 Segment     Used  Free
-----------  ----  ----
00000-00002     4  0  
00004-07FFE  1530  31234  



