
ROM used:   2204/32768 (7%)
            2204/32768 (7%) including unused fragments

            0.6 Average locations per line
            3.8 Average locations per statement

RAM used:   40/2048 (2%) at main() level
            59/2048 (3%) worst case

Stack used: 0 worst case (0 in main + 0 for interrupts)
Stack size: 31

Lines Stmts  %   Files
----- ----- ---  -----
   88    63  11  BAI_421_DEM_XUNG_T0_QUANG_CAO_32LED.c
   26     0   0  tv_boards.c
  239   186  32  TV_D501_TH.C
  135     0   0  TV_D501_TH.h
  876     0   0  ..\..\..\Program Files (x86)\PICC\Devices\18f4550.h
 2228   258  44  ..\..\..\Program Files (x86)\PICC\Drivers\math.h
  179    80  14  TV_LOWLEVER.C
    7     0   0  TV_LOWLEVER.H
----- -----
 3778   587 Total

Page ROM  %  RAM    Vol Diff  Functions:
---- --- --- ---    --- ----  ----------
0     38   1    1             @delay_ms1
0     32   1    0             @const929
0     38   1    0    221  2.6  led32_display
0     38   1    0    221  2.6  d7seg_display
0     86   2    3    355  6.1  s7seg_display
0     38   1    0    172  2.1  private_write_glcd_lcd
0     22   0    2    120  3.4  write_lcd20x4
0     22   0    2    120  3.4  write_glcd128x64
0     72   2   10    362  3.3  write_ledmatrix
0     28   1    0    151  2.5  private_write_buzzer_relay
0    110   2    0    561  3.8  system_init
0    114   3    1   1186  3.3  SSPI_WRITE
0     82   2    0    153  3.9  delay_start
0    142   3   13    153  4.7  @DIV3232
0    146   3    6    318  6.3  delay_stop
0    398   9    4   1119  7.4  inputcd
0     62   1    6    547  6.7  @WRITEBITA
0     50   1    5             @READBITA
0     34   1    0             @goto40217
0    116   3    7    311  6.7  d7seg_xoa0VN
0     66   1    5             @DIV1616
0     76   2    1    153  4.7  sangdan_pst
0     76   2    1    153  4.7  sangdan_tsp
0     52   1    1    142  4.3  tatdan_pst
0     52   1    1    142  4.3  tatdan_tsp
0    210   5    1    697  7.2  MAIN
 Inline         0             @cinit1

Program metrics:
    Functions               21
    Statements              587
    Comments                429
    Volume (V)              12818
    Difficulty (D)          95.7
    Effort to implement (E) 1226394
    Time to implement (T)   18 hours, 56 minutes
    Est Delivered Bugs (B)  4
    Cyclomatic Complexity   42
    Maintainability (MI)    116

 Segment     Used  Free
-----------  ----  ----
00000-00002     4  0  
00004-07FFE  2200  30564  



