
ROM used:   1046/32768 (3%)
            1046/32768 (3%) including unused fragments

            0.3 Average locations per line
            1.9 Average locations per statement

RAM used:   59/2048 (3%) at main() level
            78/2048 (4%) worst case

Stack used: 1 worst case (0 in main + 1 for interrupts)
Stack size: 31

Lines Stmts  %   Files
----- ----- ---  -----
   30    18   3  BAI_512_DEM_GIAY_CX.c
   26     0   0  tv_boards.c
  239   186  34  TV_D501_TH.C
  135     0   0  TV_D501_TH.h
  876     0   0  ..\..\..\Program Files (x86)\PICC\Devices\18f4550.h
 2228   258  48  ..\..\..\Program Files (x86)\PICC\Drivers\math.h
  179    80  15  TV_LOWLEVER.C
    7     0   0  TV_LOWLEVER.H
----- -----
 3720   542 Total

Page ROM  %  RAM    Vol Diff  Functions:
---- --- --- ---    --- ----  ----------
0     40   2    1             @delay_ms1
0     32   2    0             @const929
0     40   2    0    221  2.6  led32_display
0     40   2    0    221  2.6  d7seg_display
0     84   4    3    355  6.1  s7seg_display
0     38   2    0    172  2.1  private_write_glcd_lcd
0     22   1    2    120  3.4  write_lcd20x4
0     22   1    2    120  3.4  write_glcd128x64
0     72   3   10    362  3.3  write_ledmatrix
0     28   1    0    151  2.5  private_write_buzzer_relay
0    110   5    0    561  3.8  system_init
0    114   5    1   1186  3.3  SSPI_WRITE
0    176   8    1    454  6.6  MAIN
0     40   2    3    335  5.6  @DIV88
0     18   1    0     29  1.2  ngat_timer1
 Inline         0             @cinit1

Program metrics:
    Functions               13
    Statements              542
    Comments                429
    Volume (V)              6941
    Difficulty (D)          47.5
    Effort to implement (E) 329702
    Time to implement (T)   5 hours, 5 minutes
    Est Delivered Bugs (B)  2
    Cyclomatic Complexity   13
    Maintainability (MI)    103

 Segment     Used  Free
-----------  ----  ----
00000-00002     4  0  
00004-00006     0  4  
00008-000AC   166  0  
000AE-07FFE   876  31718  



