
ROM used:   984/131072 (1%)
            984/131072 (1%) including unused fragments

            0.3 Average locations per line
            2.0 Average locations per statement

RAM used:   60/3936 (2%) at main() level
            79/3936 (2%) worst case

Stack used: 1 worst case (0 in main + 1 for interrupts)
Stack size: 31

Lines Stmts  %   Files
----- ----- ---  -----
   45    26   5  BAI_513_DEM_PHUT_GIAY.c
   26     0   0  tv_boards.c
  137   121  25  TV_MOPHONG.C
  104     0   0  TV_MOPHONG.h
  952     0   0  ..\..\..\Program Files (x86)\PICC\Devices\18f6722.h
 2228   258  53  ..\..\..\Program Files (x86)\PICC\Drivers\math.h
  179    86  18  TV_LOWLEVER.C
    7     0   0  TV_LOWLEVER.H
----- -----
 3678   491 Total

Page ROM  %  RAM    Vol Diff  Functions:
---- --- --- ---    --- ----  ----------
0     38   2    1             @delay_ms1
0     36   2    0             @const949
0     56   3    0    221  2.6  led32_display
0    102   5    0    452  2.8  d7seg_display
0     96   5    2    301  5.1  s7seg_display
0     12   1    0     30  1.0  buzzer_off
0     12   1    0     30  1.0  triac_2_off
0     62   3    0    394  3.2  system_init
0     90   5    4    431  6.2  CHECK_MODULE
0    236  12    1    807  6.8  MAIN
0     40   2    3    336  5.6  @DIV88
0     18   1    0     29  1.2  ngat_timer1
 Inline         0             @cinit1

Program metrics:
    Functions               10
    Statements              491
    Comments                446
    Volume (V)              4677
    Difficulty (D)          36.6
    Effort to implement (E) 170982
    Time to implement (T)   2 hours, 38 minutes
    Est Delivered Bugs (B)  1
    Cyclomatic Complexity   9
    Maintainability (MI)    36

 Segment     Used  Free
-----------  ----  ----
00000-00002     4  0  
00004-00006     0  4  
00008-000BC   182  0  
000BE-0FFFE   798  64548  
10000-1FFFE     0  65536  



