
ROM used:   682/131072 (1%)
            682/131072 (1%) including unused fragments

            0.2 Average locations per line
            1.4 Average locations per statement

RAM used:   55/3936 (1%) at main() level
            75/3936 (2%) worst case

Stack used: 0 worst case (0 in main + 0 for interrupts)
Stack size: 31

Lines Stmts  %   Files
----- ----- ---  -----
   31    19   4  BAI_505_CHAYCHUOI_QUANGCAO.c
   26     0   0  tv_boards.c
  137   121  25  TV_MOPHONG.C
  104     0   0  TV_MOPHONG.h
  952     0   0  ..\..\..\Program Files (x86)\PICC\Devices\18f6722.h
 2228   258  53  ..\..\..\Program Files (x86)\PICC\Drivers\math.h
  179    86  18  TV_LOWLEVER.C
    7     0   0  TV_LOWLEVER.H
----- -----
 3664   484 Total

Page ROM  %  RAM    Vol Diff  Functions:
---- --- --- ---    --- ----  ----------
0     42   3    1             @delay_ms1
0     56   4    0    221  2.6  led32_display
0    102   7    0    452  2.8  d7seg_display
0     96   7    2    301  5.1  s7seg_display
0     12   1    0     30  1.0  buzzer_off
0     12   1    0     30  1.0  triac_2_off
0     62   5    0    394  3.2  system_init
0     90   7    4    431  6.2  CHECK_MODULE
0    206  15    0    859  6.3  MAIN
 Inline         0    336  5.6  @cinit1

Program metrics:
    Functions               9
    Statements              484
    Comments                443
    Volume (V)              4642
    Difficulty (D)          34.8
    Effort to implement (E) 161758
    Time to implement (T)   2 hours, 30 minutes
    Est Delivered Bugs (B)  1
    Cyclomatic Complexity   8
    Maintainability (MI)    24

 Segment     Used  Free
-----------  ----  ----
00000-00002     4  0  
00004-0FFFE   678  64854  
10000-1FFFE     0  65536  



