
ROM used:   1590/32768 (5%)
            1590/32768 (5%) including unused fragments

            0.4 Average locations per line
            2.8 Average locations per statement

RAM used:   39/2048 (2%) at main() level
            59/2048 (3%) worst case

Stack used: 4 worst case (4 in main + 0 for interrupts)
Stack size: 31

Lines Stmts  %   Files
----- ----- ---  -----
   28    12   2  BAI_334_MATRANPHIM_8LED_16_BTN_ON_OFF.c
   26     0   0  tv_boards.c
  239   186  33  TV_D501_TH.C
  135     0   0  TV_D501_TH.h
  876     0   0  ..\..\..\Program Files (x86)\PICC\Devices\18f4550.h
 2228   258  46  ..\..\..\Program Files (x86)\PICC\Drivers\math.h
  179    80  14  TV_LOWLEVER.C
    7     0   0  TV_LOWLEVER.H
   45    30   5  tv_key4x4.c
   10     0   0  tv_key4x4.h
----- -----
 3773   566 Total

Page ROM  %  RAM    Vol Diff  Functions:
---- --- --- ---    --- ----  ----------
0     40   1    1             @delay_ms1
0     38   1    0    221  2.6  led32_display
0     40   1    0    221  2.6  d7seg_display
0     86   3    3    355  6.1  s7seg_display
0    120   4    1    561  6.9  KEYREAD
0     38   1    0    172  2.1  private_write_glcd_lcd
0     22   1    2    120  3.4  write_lcd20x4
0     22   1    2    120  3.4  write_glcd128x64
0     72   2   10    362  3.3  write_ledmatrix
0     28   1    0    151  2.5  private_write_buzzer_relay
0    110   3    0    561  3.8  system_init
0    146   5    1   1186  3.3  SSPI_WRITE
0     82   3    0    153  3.9  delay_start
0    142   4   13             @DIV3232
0    146   5    6    318  6.3  delay_stop
0    218   7    2    962  7.5  key4x4_read
0     34   1    0     27  1.0  @goto42668
0     74   2    2    279  6.4  kt_keypad
0    128   4    0     50  1.3  MAIN
 Inline         0    322  2.8  @cinit1

Program metrics:
    Functions               18
    Statements              566
    Comments                429
    Volume (V)              10432
    Difficulty (D)          71.0
    Effort to implement (E) 741079
    Time to implement (T)   11 hours, 26 minutes
    Est Delivered Bugs (B)  3
    Cyclomatic Complexity   37
    Maintainability (MI)    129

 Segment     Used  Free
-----------  ----  ----
00000-00002     4  0  
00004-07FFE  1586  31178  



