
ROM used:   2356/32768 (7%)
            2356/32768 (7%) including unused fragments

            0.6 Average locations per line
            4.0 Average locations per statement

RAM used:   40/2048 (2%) at main() level
            60/2048 (3%) worst case

Stack used: 5 worst case (5 in main + 0 for interrupts)
Stack size: 31

Lines Stmts  %   Files
----- ----- ---  -----
   56    37   6  BAI_604_LCD_CHINH_MENU.c
   26     0   0  tv_boards.c
  239   186  31  TV_D501_TH.C
  135     0   0  TV_D501_TH.h
  876     0   0  ..\..\..\Program Files (x86)\PICC\Devices\18f4550.h
 2228   258  43  ..\..\..\Program Files (x86)\PICC\Drivers\math.h
  179    80  13  TV_LOWLEVER.C
    7     0   0  TV_LOWLEVER.H
   57    35   6  tv_lcd.c
   58     0   0  TV_LCD.h
----- -----
 3861   596 Total

Page ROM  %  RAM    Vol Diff  Functions:
---- --- --- ---    --- ----  ----------
0     38   1    1             @delay_ms1
0     26   1    1             @delay_us1
0     40   1    0    221  2.6  led32_display
0     40   1    0    221  2.6  d7seg_display
0     86   2    3    355  6.1  s7seg_display
0     38   1    0    172  2.1  private_write_glcd_lcd
0     20   0    2    120  3.4  write_lcd20x4
0     22   0    2    120  3.4  write_glcd128x64
0     72   2   10    362  3.3  write_ledmatrix
0     28   1    0    151  2.5  private_write_buzzer_relay
0    110   2    0    561  3.8  system_init
0    114   2    1   1186  3.3  SSPI_WRITE
0     82   2    0    153  3.9  delay_start
0    142   3   13    566  4.2  @DIV3232
0    146   3    6    318  6.3  delay_stop
0    400   8    4   1125  7.2  inputcd
0     62   1    6    388  6.5  @WRITEBITA
0     50   1    5    388  6.5  @READBITA
0     34   1    0    687  7.7  @goto11315
0     80   2    0    149  1.3  @const1043
0     30   1    1     98  2.0  lcd_command
0     32   1    1     98  2.0  lcd_data
0     86   2    2    332  4.1  lcd_setup
0     20   0    0    304  6.8  @const1050
0     20   0    3    155  3.8  lcd_goto
0     40   1    3   5264  9.9  @DIV88
0     72   2    0    250  3.1  hienthi_muiten
0      2   0    0      6  0.5  @const1064
0     32   1    2             @PSTRINGC_1021
0      2   0    0      6  0.5  @const1069
0     22   0    1     70  2.6  kt_nutnhan
0    222   5    0    617  6.1  MAIN
0     20   0    0             @const1074
0      8   0    0             @const1075
0     10   0    0             @const1076
0    104   2    2             @PRINTF_U_1021
 Inline         0             @cinit1

Program metrics:
    Functions               29
    Statements              596
    Comments                456
    Volume (V)              23855
    Difficulty (D)          121.2
    Effort to implement (E) 2890496
    Time to implement (T)   44 hours, 36 minutes
    Est Delivered Bugs (B)  7
    Cyclomatic Complexity   75
    Maintainability (MI)    80

 Segment     Used  Free
-----------  ----  ----
00000-00002     4  0  
00004-07FFE  2352  30412  



