
ROM used:   1948/32768 (6%)
            1948/32768 (6%) including unused fragments

            0.5 Average locations per line
            3.5 Average locations per statement

RAM used:   39/2048 (2%) at main() level
            58/2048 (3%) worst case

Stack used: 0 worst case (0 in main + 0 for interrupts)
Stack size: 31

Lines Stmts  %   Files
----- ----- ---  -----
   51    35   6  BAI_417_DEM_XUNG_T0_START_STOP_32LED.c
   26     0   0  tv_boards.c
  239   186  33  TV_D501_TH.C
  135     0   0  TV_D501_TH.h
  876     0   0  ..\..\..\Program Files (x86)\PICC\Devices\18f4550.h
 2228   258  46  ..\..\..\Program Files (x86)\PICC\Drivers\math.h
  179    80  14  TV_LOWLEVER.C
    7     0   0  TV_LOWLEVER.H
----- -----
 3741   559 Total

Page ROM  %  RAM    Vol Diff  Functions:
---- --- --- ---    --- ----  ----------
0     40   1    1             @delay_ms1
0     32   1    0             @const929
0     38   1    0    221  2.6  led32_display
0     38   1    0    221  2.6  d7seg_display
0     86   2    3    355  6.1  s7seg_display
0     38   1    0    172  2.1  private_write_glcd_lcd
0     22   1    2    120  3.4  write_lcd20x4
0     22   1    2    120  3.4  write_glcd128x64
0     72   2   10    362  3.3  write_ledmatrix
0     28   1    0    151  2.5  private_write_buzzer_relay
0    110   3    0    561  3.8  system_init
0    114   3    1   1186  3.3  SSPI_WRITE
0     82   2    0    153  3.9  delay_start
0    142   4   13             @DIV3232
0    146   4    6    318  6.3  delay_stop
0    398  10    4   1119  7.4  inputcd
0     62   2    6             @WRITEBITA
0     50   1    5             @READBITA
0     34   1    0             @goto9590
0    116   3    7    311  6.7  d7seg_xoa0VN
0     66   2    5             @DIV1616
0     42   1    1    165  3.1  kt_nut_nhan
0    166   4    1    428  5.2  MAIN
 Inline         0             @cinit1

Program metrics:
    Functions               16
    Statements              559
    Comments                429
    Volume (V)              9959
    Difficulty (D)          66.0
    Effort to implement (E) 656840
    Time to implement (T)   10 hours, 8 minutes
    Est Delivered Bugs (B)  3
    Cyclomatic Complexity   31
    Maintainability (MI)    129

 Segment     Used  Free
-----------  ----  ----
00000-00002     4  0  
00004-07FFE  1944  30820  



