
ROM used:   2356/32768 (7%)
            2356/32768 (7%) including unused fragments

            0.6 Average locations per line
            4.0 Average locations per statement

RAM used:   63/2048 (3%) at main() level
            82/2048 (4%) worst case

Stack used: 1 worst case (0 in main + 1 for interrupts)
Stack size: 31

Lines Stmts  %   Files
----- ----- ---  -----
   91    72  12  BAI_515_GIO_PHUT_GIAY_KEY.c
   26     0   0  tv_boards.c
  239   186  31  TV_D501_TH.C
  135     0   0  TV_D501_TH.h
  876     0   0  ..\..\..\Program Files (x86)\PICC\Devices\18f4550.h
 2228   258  43  ..\..\..\Program Files (x86)\PICC\Drivers\math.h
  179    80  13  TV_LOWLEVER.C
    7     0   0  TV_LOWLEVER.H
----- -----
 3781   596 Total

Page ROM  %  RAM    Vol Diff  Functions:
---- --- --- ---    --- ----  ----------
0     40   1    1             @delay_ms1
0     32   1    0             @const929
0     40   1    0    221  2.6  led32_display
0     40   1    0    221  2.6  d7seg_display
0     84   2    3    355  6.1  s7seg_display
0     38   1    0    172  2.1  private_write_glcd_lcd
0     22   0    2    120  3.4  write_lcd20x4
0     22   0    2    120  3.4  write_glcd128x64
0     72   2   10    362  3.3  write_ledmatrix
0     28   1    0    151  2.5  private_write_buzzer_relay
0    110   2    0    561  3.8  system_init
0    114   2    1   1186  3.3  SSPI_WRITE
0     82   2    0    153  3.9  delay_start
0    142   3   13             @DIV3232
0    146   3    6    318  6.3  delay_stop
0    398   8    4   1119  7.4  inputcd
0     62   1    6             @WRITEBITA
0     50   1    5             @READBITA
0     34   1    0             @goto38786
0    180   4    1    919  5.8  kt_nutnhan
0    360   8    1   1197  6.8  MAIN
0     72   2    4     29  1.2  @DIVS88
0     18   0    0     29  1.2  ngat_timer1
 Inline         0             @cinit1

Program metrics:
    Functions               17
    Statements              596
    Comments                429
    Volume (V)              11809
    Difficulty (D)          67.2
    Effort to implement (E) 793806
    Time to implement (T)   12 hours, 15 minutes
    Est Delivered Bugs (B)  3
    Cyclomatic Complexity   43
    Maintainability (MI)    129

 Segment     Used  Free
-----------  ----  ----
00000-00002     4  0  
00004-00006     0  4  
00008-000AC   166  0  
000AE-07FFE  2186  30408  



