
ROM used:   2466/32768 (8%)
            2466/32768 (8%) including unused fragments

            0.6 Average locations per line
            4.1 Average locations per statement

RAM used:   84/2048 (4%) at main() level
            102/2048 (5%) worst case

Stack used: 5 worst case (5 in main + 0 for interrupts)
Stack size: 31

Lines Stmts  %   Files
----- ----- ---  -----
  128    43   7  BAI_606_LCD_CHAYCHUOI_QUALAI.c
   26     0   0  tv_boards.c
  239   186  31  TV_D501_TH.C
  135     0   0  TV_D501_TH.h
  876     0   0  ..\..\..\Program Files (x86)\PICC\Devices\18f4550.h
 2228   258  43  ..\..\..\Program Files (x86)\PICC\Drivers\math.h
  179    80  13  TV_LOWLEVER.C
    7     0   0  TV_LOWLEVER.H
   57    35   6  tv_lcd.c
   58     0   0  TV_LCD.h
----- -----
 3933   602 Total

Page ROM  %  RAM    Vol Diff  Functions:
---- --- --- ---    --- ----  ----------
0     38   1    1             @delay_ms1
0     26   1    1             @delay_us1
0     40   1    0    221  2.6  led32_display
0     40   1    0    221  2.6  d7seg_display
0     86   2    3    355  6.1  s7seg_display
0     38   1    0    172  2.1  private_write_glcd_lcd
0     20   0    2    120  3.4  write_lcd20x4
0     22   0    2    120  3.4  write_glcd128x64
0     72   1   10    362  3.3  write_ledmatrix
0     28   1    0    151  2.5  private_write_buzzer_relay
0    110   2    0    561  3.8  system_init
0    114   2    1   1186  3.3  SSPI_WRITE
0     82   2    0    153  3.9  delay_start
0    142   3   13             @DIV3232
0    146   3    6    318  6.3  delay_stop
0    400   8    4   1125  7.2  inputcd
0     62   1    6    332  4.1  @WRITEBITA
0     50   1    5             @READBITA
0     34   1    0    155  3.8  @goto46789
0     80   2    0    250  7.0  @const1043
0     30   1    1     98  2.0  lcd_command
0     32   1    1     98  2.0  lcd_data
0     86   2    2    332  4.1  lcd_setup
0     20   0    0             @const1050
0     20   0    3    155  3.8  lcd_goto
0     40   1    3             @DIV88
0     72   1    0    250  3.1  hienthi_muiten
0      2   0    0    376  7.9  @const1068
0     32   1    2             @PSTRINGC_1021
0      2   0    0             @const1073
0     22   0    1     80  3.0  kt_nutnhan
0    352   7    2    952  8.6  MAIN
0      8   0    0    376  7.9  @const1078
0     10   0    0             @const1079
0    104   2    2             @PRINTF_U_1021
 Inline         0             @cinit1

Program metrics:
    Functions               25
    Statements              602
    Comments                1086
    Volume (V)              15225
    Difficulty (D)          107.8
    Effort to implement (E) 1640651
    Time to implement (T)   25 hours, 19 minutes
    Est Delivered Bugs (B)  5
    Cyclomatic Complexity   38
    Maintainability (MI)    50

 Segment     Used  Free
-----------  ----  ----
00000-00002     4  0  
00004-07FFE  2462  30302  



