
ROM used:   2548/32768 (8%)
            2548/32768 (8%) including unused fragments

            0.7 Average locations per line
            4.2 Average locations per statement

RAM used:   105/2048 (5%) at main() level
            122/2048 (6%) worst case

Stack used: 7 worst case (7 in main + 0 for interrupts)
Stack size: 31

Lines Stmts  %   Files
----- ----- ---  -----
   96    52   9  BAI_605_LCD_CHAYCHUOI.c
   26     0   0  tv_boards.c
  239   186  30  TV_D501_TH.C
  135     0   0  TV_D501_TH.h
  876     0   0  ..\..\..\Program Files (x86)\PICC\Devices\18f4550.h
 2228   258  42  ..\..\..\Program Files (x86)\PICC\Drivers\math.h
  179    80  13  TV_LOWLEVER.C
    7     0   0  TV_LOWLEVER.H
   57    35   6  tv_lcd.c
   58     0   0  TV_LCD.h
----- -----
 3901   611 Total

Page ROM  %  RAM    Vol Diff  Functions:
---- --- --- ---    --- ----  ----------
0     38   1    1             @delay_ms1
0     26   1    1             @delay_us1
0     40   1    0    221  2.6  led32_display
0     40   1    0    221  2.6  d7seg_display
0     86   2    3    355  6.1  s7seg_display
0     38   1    0    172  2.1  private_write_glcd_lcd
0     20   0    2    120  3.4  write_lcd20x4
0     22   0    2    120  3.4  write_glcd128x64
0     72   1   10    362  3.3  write_ledmatrix
0     28   1    0    151  2.5  private_write_buzzer_relay
0    110   2    0    561  3.8  system_init
0    114   2    1   1186  3.3  SSPI_WRITE
0     82   2    0    153  3.9  delay_start
0    142   3   13             @DIV3232
0    146   3    6    318  6.3  delay_stop
0    400   8    4   1125  7.2  inputcd
0     62   1    6     98  2.0  @WRITEBITA
0     50   1    5     98  2.0  @READBITA
0     34   1    0    332  4.1  @goto7708
0     80   2    0    293  6.5  @const1043
0     30   1    1     98  2.0  lcd_command
0     32   1    1     98  2.0  lcd_data
0     86   2    2    332  4.1  lcd_setup
0     20   0    0   1333  6.9  @const1050
0     20   0    3    155  3.8  lcd_goto
0     40   1    3             @DIV88
0     72   1    0    250  3.1  hienthi_muiten
0      2   0    0    778  6.6  @const1068
0     32   1    2   1333  6.9  @PSTRINGC_1021
0      2   0    0             @const1073
0     20   0    1     80  3.0  kt_nutnhan
0    436   9    3   1225  6.7  MAIN
0      8   0    0    376  7.9  @const1078
0     10   0    0             @const1079
0    104   2    2             @PRINTF_U_1021
 Inline         0             @cinit1

Program metrics:
    Functions               28
    Statements              611
    Comments                473
    Volume (V)              21000
    Difficulty (D)          119.5
    Effort to implement (E) 2509032
    Time to implement (T)   38 hours, 43 minutes
    Est Delivered Bugs (B)  6
    Cyclomatic Complexity   45
    Maintainability (MI)    90

 Segment     Used  Free
-----------  ----  ----
00000-00002     4  0  
00004-07FFE  2544  30220  



