
ROM used:   766/32768 (2%)
            766/32768 (2%) including unused fragments

            0.2 Average locations per line
            1.4 Average locations per statement

RAM used:   35/2048 (2%) at main() level
            55/2048 (3%) worst case

Stack used: 0 worst case (0 in main + 0 for interrupts)
Stack size: 31

Lines Stmts  %   Files
----- ----- ---  -----
   19    12   2  BAI_502_HIENTHI_MSSV.c
   26     0   0  tv_boards.c
  239   186  35  TV_D501_TH.C
  135     0   0  TV_D501_TH.h
  876     0   0  ..\..\..\Program Files (x86)\PICC\Devices\18f4550.h
 2228   258  48  ..\..\..\Program Files (x86)\PICC\Drivers\math.h
  179    80  15  TV_LOWLEVER.C
    7     0   0  TV_LOWLEVER.H
----- -----
 3709   536 Total

Page ROM  %  RAM    Vol Diff  Functions:
---- --- --- ---    --- ----  ----------
0     40   3    1             @delay_ms1
0     40   3    0    221  2.6  led32_display
0     40   3    0    221  2.6  d7seg_display
0     84   5    3    355  6.1  s7seg_display
0     38   2    0    172  2.1  private_write_glcd_lcd
0     22   1    2    120  3.4  write_lcd20x4
0     22   1    2    120  3.4  write_glcd128x64
0     72   5   10    362  3.3  write_ledmatrix
0     28   2    0    151  2.5  private_write_buzzer_relay
0    110   7    0    561  3.8  system_init
0    146  10    1   1186  3.3  SSPI_WRITE
0    120   8    0    524  3.3  MAIN
 Inline         0             @cinit1

Program metrics:
    Functions               11
    Statements              536
    Comments                429
    Volume (V)              6296
    Difficulty (D)          37.2
    Effort to implement (E) 234360
    Time to implement (T)   3 hours, 37 minutes
    Est Delivered Bugs (B)  1
    Cyclomatic Complexity   9
    Maintainability (MI)    62

 Segment     Used  Free
-----------  ----  ----
00000-00002     4  0  
00004-07FFE   762  32002  



