
ROM used:   1044/32768 (3%)
            1044/32768 (3%) including unused fragments

            0.3 Average locations per line
            2.0 Average locations per statement

RAM used:   39/2048 (2%) at main() level
            57/2048 (3%) worst case

Stack used: 0 worst case (0 in main + 0 for interrupts)
Stack size: 31

Lines Stmts  %   Files
----- ----- ---  -----
   22    11   2  BAI_408_DEM_0000_9999.c
   26     0   0  tv_boards.c
  239   186  35  TV_D501_TH.C
  135     0   0  TV_D501_TH.h
  876     0   0  ..\..\..\Program Files (x86)\PICC\Devices\18f4550.h
 2228   258  48  ..\..\..\Program Files (x86)\PICC\Drivers\math.h
  179    80  15  TV_LOWLEVER.C
    7     0   0  TV_LOWLEVER.H
----- -----
 3712   535 Total

Page ROM  %  RAM    Vol Diff  Functions:
---- --- --- ---    --- ----  ----------
0     38   2    1             @delay_ms1
0     32   2    0             @const929
0     40   2    0    221  2.6  led32_display
0     38   2    0    221  2.6  d7seg_display
0     86   4    3    355  6.1  s7seg_display
0     38   2    0    172  2.1  private_write_glcd_lcd
0     22   1    2    120  3.4  write_lcd20x4
0     22   1    2    120  3.4  write_glcd128x64
0     72   3   10    362  3.3  write_ledmatrix
0     28   1    0    151  2.5  private_write_buzzer_relay
0    110   5    0    561  3.8  system_init
0    114   5    1   1186  3.3  SSPI_WRITE
0    334  16    2    471  5.7  MAIN
0     66   3    5             @DIV1616
 Inline         0             @cinit1

Program metrics:
    Functions               11
    Statements              535
    Comments                429
    Volume (V)              6220
    Difficulty (D)          39.3
    Effort to implement (E) 244282
    Time to implement (T)   3 hours, 46 minutes
    Est Delivered Bugs (B)  1
    Cyclomatic Complexity   10
    Maintainability (MI)    63

 Segment     Used  Free
-----------  ----  ----
00000-00002     4  0  
00004-07FFE  1040  31724  



