
ROM used:   590/131072 (0%)
            590/131072 (0%) including unused fragments

            0.2 Average locations per line
            1.2 Average locations per statement

RAM used:   33/3936 (1%) at main() level
            53/3936 (1%) worst case

Stack used: 0 worst case (0 in main + 0 for interrupts)
Stack size: 31

Lines Stmts  %   Files
----- ----- ---  -----
   18    12   3  BAI_501_HIENTHI_8SO.c
   26     0   0  tv_boards.c
  137   121  25  TV_MOPHONG.C
  104     0   0  TV_MOPHONG.h
  952     0   0  ..\..\..\Program Files (x86)\PICC\Devices\18f6722.h
 2228   258  54  ..\..\..\Program Files (x86)\PICC\Drivers\math.h
  179    86  18  TV_LOWLEVER.C
    7     0   0  TV_LOWLEVER.H
----- -----
 3651   477 Total

Page ROM  %  RAM    Vol Diff  Functions:
---- --- --- ---    --- ----  ----------
0     42   4    1             @delay_ms1
0     56   5    0    221  2.6  led32_display
0    102   9    0    452  2.8  d7seg_display
0     96   8    2    301  5.1  s7seg_display
0     12   1    0     30  1.0  buzzer_off
0     12   1    0     30  1.0  triac_2_off
0     62   5    0    394  3.2  system_init
0     90   8    4    431  6.2  CHECK_MODULE
0    114  10    0    524  3.3  MAIN
 Inline         0             @cinit1

Program metrics:
    Functions               8
    Statements              477
    Comments                434
    Volume (V)              3602
    Difficulty (D)          26.2
    Effort to implement (E) 94457
    Time to implement (T)   1 hours, 27 minutes
    Est Delivered Bugs (B)  1
    Cyclomatic Complexity   4
    Maintainability (MI)    27

 Segment     Used  Free
-----------  ----  ----
00000-00002     4  0  
00004-0FFFE   586  64946  
10000-1FFFE     0  65536  



