
ROM used:   1736/32768 (5%)
            1736/32768 (5%) including unused fragments

            0.5 Average locations per line
            3.0 Average locations per statement

RAM used:   37/2048 (2%) at main() level
            56/2048 (3%) worst case

Stack used: 6 worst case (6 in main + 0 for interrupts)
Stack size: 31

Lines Stmts  %   Files
----- ----- ---  -----
   24    14   2  BAI_643_LCD_DEM_00_99_HT_3KIEUFONT.c
   26     0   0  tv_boards.c
  239   186  32  TV_D501_TH.C
  135     0   0  TV_D501_TH.h
  876     0   0  ..\..\..\Program Files (x86)\PICC\Devices\18f4550.h
 2228   258  45  ..\..\..\Program Files (x86)\PICC\Drivers\math.h
  179    80  14  TV_LOWLEVER.C
    7     0   0  TV_LOWLEVER.H
   57    35   6  tv_lcd.c
   58     0   0  TV_LCD.h
----- -----
 3829   573 Total

Page ROM  %  RAM    Vol Diff  Functions:
---- --- --- ---    --- ----  ----------
0     38   1    1             @delay_ms1
0     26   1    1             @delay_us1
0     40   1    0    221  2.6  led32_display
0     40   1    0    221  2.6  d7seg_display
0     86   2    3    355  6.1  s7seg_display
0     38   1    0    172  2.1  private_write_glcd_lcd
0     20   1    2    120  3.4  write_lcd20x4
0     22   1    2    120  3.4  write_glcd128x64
0     72   2   10    362  3.3  write_ledmatrix
0     28   1    0    151  2.5  private_write_buzzer_relay
0    110   3    0    561  3.8  system_init
0    114   3    1   1186  3.3  SSPI_WRITE
0     82   2    0   1333  6.9  @const1035
0    148   4    0    155  3.8  @const1039
0     80   2    0    293  6.5  @const1043
0     30   1    1     98  2.0  lcd_command
0     32   1    1     98  2.0  lcd_data
0     86   2    2    332  4.1  lcd_setup
0     20   1    0   1333  6.9  @const1050
0     20   1    3    155  3.8  lcd_goto
0     90   3    6    293  6.5  lcd_write_2x3_num
0     74   2    2   1333  6.9  @MUL88
0     98   3    5    250  7.0  lcd_write_4x3_num
0     40   1    3             @DIV88
0    298   9    1    540  5.7  MAIN
 Inline         0    778  6.6  @cinit1

Program metrics:
    Functions               23
    Statements              573
    Comments                456
    Volume (V)              17839
    Difficulty (D)          102.3
    Effort to implement (E) 1825244
    Time to implement (T)   28 hours, 10 minutes
    Est Delivered Bugs (B)  5
    Cyclomatic Complexity   25
    Maintainability (MI)    113

 Segment     Used  Free
-----------  ----  ----
00000-00002     4  0  
00004-07FFE  1732  31032  



