
ROM used:   844/32768 (3%)
            844/32768 (3%) including unused fragments

            0.2 Average locations per line
            1.6 Average locations per statement

RAM used:   38/2048 (2%) at main() level
            57/2048 (3%) worst case

Stack used: 0 worst case (0 in main + 0 for interrupts)
Stack size: 31

Lines Stmts  %   Files
----- ----- ---  -----
   23     9   2  BAI_511_DEM_GIAY.c
   26     0   0  tv_boards.c
  239   186  35  TV_D501_TH.C
  135     0   0  TV_D501_TH.h
  876     0   0  ..\..\..\Program Files (x86)\PICC\Devices\18f4550.h
 2228   258  48  ..\..\..\Program Files (x86)\PICC\Drivers\math.h
  179    80  15  TV_LOWLEVER.C
    7     0   0  TV_LOWLEVER.H
----- -----
 3713   533 Total

Page ROM  %  RAM    Vol Diff  Functions:
---- --- --- ---    --- ----  ----------
0     40   2    1             @delay_ms1
0     32   2    0             @const929
0     40   2    0    221  2.6  led32_display
0     40   2    0    221  2.6  d7seg_display
0     84   5    3    355  6.1  s7seg_display
0     38   2    0    172  2.1  private_write_glcd_lcd
0     22   1    2    120  3.4  write_lcd20x4
0     22   1    2    120  3.4  write_glcd128x64
0     72   4   10    362  3.3  write_ledmatrix
0     28   2    0    151  2.5  private_write_buzzer_relay
0    110   7    0    561  3.8  system_init
0    114   7    1   1186  3.3  SSPI_WRITE
0    158   9    1    335  5.6  MAIN
0     40   2    3    826  5.8  @DIV88
 Inline         0    826  5.8  @cinit1

Program metrics:
    Functions               13
    Statements              533
    Comments                435
    Volume (V)              8748
    Difficulty (D)          51.1
    Effort to implement (E) 447165
    Time to implement (T)   6 hours, 54 minutes
    Est Delivered Bugs (B)  2
    Cyclomatic Complexity   15
    Maintainability (MI)    99

 Segment     Used  Free
-----------  ----  ----
00000-00002     4  0  
00004-07FFE   840  31924  



