
ROM used:   3806/131072 (3%)
            3806/131072 (3%) including unused fragments

            1.0 Average locations per line
            5.1 Average locations per statement

RAM used:   77/3936 (2%) at main() level
            96/3936 (2%) worst case

Stack used: 5 worst case (4 in main + 1 for interrupts)
Stack size: 31

Lines Stmts  %   Files
----- ----- ---  -----
  306   252  34  BAI_521_3MODULE_123.c
   26     0   0  tv_boards.c
  137   121  16  TV_MOPHONG.C
  104     0   0  TV_MOPHONG.h
  952     0   0  ..\..\..\Program Files (x86)\PICC\Devices\18f6722.h
 2228   258  35  ..\..\..\Program Files (x86)\PICC\Drivers\math.h
  179    86  12  TV_LOWLEVER.C
    7     0   0  TV_LOWLEVER.H
   45    30   4  tv_key4x4.c
   10     0   0  tv_key4x4.h
----- -----
 3994   747 Total

Page ROM  %  RAM    Vol Diff  Functions:
---- --- --- ---    --- ----  ----------
0     38   0    1             @delay_ms1
0     36   0    0             @const949
0     54   1    0    221  2.6  led32_display
0    100   1    0    452  2.8  d7seg_display
0     96   1    2    301  5.1  s7seg_display
0     24   0    0    561  6.9  @const970
0    168   2    2    970  7.8  KEYREAD
0     12   0    0     30  1.0  buzzer_off
0     12   0    0     30  1.0  triac_2_off
0     62   1    0    394  3.2  system_init
0     90   1    4    431  6.2  CHECK_MODULE
0     82   1    0    153  3.9  delay_start
0    142   2   13    789  3.9  @DIV3232
0    146   2    6    318  6.3  delay_stop
0    398   5    4   1125  7.2  inputcd
0     62   1    6     32  1.0  @WRITEBITA
0     50   1    5     67  1.2  @READBITA
0     40   1    0     69  1.1  @goto55720
0    218   3    2    962  7.5  key4x4_read
0     40   1    0    336  5.6  @goto55765
0    116   2    7    311  6.7  d7seg_xoa0VN
0     66   1    5             @DIV1616
0    196   3    1   1170  5.3  kiemtra_xuli_nutnhan
0     42   1    0    149  3.9  chop_tat_led
0     96   1    5    406  6.5  sang_tat_dan_pst
0     96   1    5    406  6.5  sang_tat_dan_tsp
0    102   1    2    707  7.7  sang_tat_dan_ngoai_vao
0    102   1    2    707  7.7  sang_tat_dan_trong_ra
0    876  12    1   5095  9.4  MAIN
0     40   1    3    311  6.7  @DIV88
0     18   0    0     29  1.2  ngat_timer1
 Inline         0   1170  5.3  @cinit1

Program metrics:
    Functions               29
    Statements              747
    Comments                448
    Volume (V)              29511
    Difficulty (D)          145.0
    Effort to implement (E) 4278103
    Time to implement (T)   66 hours, 1 minutes
    Est Delivered Bugs (B)  9
    Cyclomatic Complexity   130
    Maintainability (MI)    72

 Segment     Used  Free
-----------  ----  ----
00000-00002     4  0  
00004-00006     0  4  
00008-000BC   182  0  
000BE-0FFFE  3620  61726  
10000-1FFFE     0  65536  



