
ROM used:   2782/32768 (8%)
            2782/32768 (8%) including unused fragments

            0.7 Average locations per line
            4.0 Average locations per statement

RAM used:   48/2048 (2%) at main() level
            68/2048 (3%) worst case

Stack used: 0 worst case (0 in main + 0 for interrupts)
Stack size: 31

Lines Stmts  %   Files
----- ----- ---  -----
  181   136  20  BAI_422_DEM_XUNG_T0_QUANG_CAO_32LED.c
   26     0   0  tv_boards.c
  239   186  27  TV_D501_TH.C
  135     0   0  TV_D501_TH.h
  876     0   0  ..\..\..\Program Files (x86)\PICC\Devices\18f4550.h
 2228   258  37  ..\..\..\Program Files (x86)\PICC\Drivers\math.h
  179    80  12  TV_LOWLEVER.C
    7     0   0  TV_LOWLEVER.H
   45    30   4  tv_key4x4.c
   10     0   0  tv_key4x4.h
----- -----
 3926   690 Total

Page ROM  %  RAM    Vol Diff  Functions:
---- --- --- ---    --- ----  ----------
0     38   1    1             @delay_ms1
0     32   1    0             @const929
0     38   1    0    221  2.6  led32_display
0     38   1    0    221  2.6  d7seg_display
0     86   2    3    355  6.1  s7seg_display
0     38   1    0    172  2.1  private_write_glcd_lcd
0     22   0    2    120  3.4  write_lcd20x4
0     22   0    2    120  3.4  write_glcd128x64
0     72   1   10    362  3.3  write_ledmatrix
0     28   1    0    151  2.5  private_write_buzzer_relay
0    110   2    0    561  3.8  system_init
0    114   2    1   1186  3.3  SSPI_WRITE
0     82   1    0    153  3.9  delay_start
0    142   3   13    153  4.7  @DIV3232
0    146   3    6    318  6.3  delay_stop
0    398   7    4   1125  7.2  inputcd
0     62   1    6    547  6.7  @WRITEBITA
0     50   1    5             @READBITA
0     34   1    0             @goto18450
0    116   2    7    311  6.7  d7seg_xoa0VN
0     66   1    5    129  3.8  @DIV1616
0    104   2    1    494  4.7  kiemtra_xuli_nutnhan
0     42   1    0    129  3.8  chop_tat_led
0     84   2    5    312  6.0  sang_tat_dan_pst
0     80   1    5    312  6.0  sang_tat_dan_tsp
0     86   2    2    603  7.2  sang_tat_dan_ngoai_vao
0     86   2    2    603  7.2  sang_tat_dan_trong_ra
0    162   3    6    317  6.9  sang_don_pst
0    162   3    6    304  6.8  sang_don_tsp
0    238   4    0    587  4.8  MAIN
 Inline         0             @cinit1

Program metrics:
    Functions               26
    Statements              690
    Comments                429
    Volume (V)              17821
    Difficulty (D)          127.3
    Effort to implement (E) 2268003
    Time to implement (T)   35 hours, 0 minutes
    Est Delivered Bugs (B)  6
    Cyclomatic Complexity   63
    Maintainability (MI)    84

 Segment     Used  Free
-----------  ----  ----
00000-00002     4  0  
00004-07FFE  2778  29986  



