
ROM used:   728/131072 (1%)
            728/131072 (1%) including unused fragments

            0.2 Average locations per line
            1.3 Average locations per statement

RAM used:   35/3936 (1%) at main() level
            55/3936 (1%) worst case

Stack used: 0 worst case (0 in main + 0 for interrupts)
Stack size: 31

Lines Stmts  %   Files
----- ----- ---  -----
  144    82  15  CLIP1_LED_DON.c
   26     0   0  tv_boards.c
  137   121  22  TV_MOPHONG.C
  104     0   0  TV_MOPHONG.h
  952     0   0  ..\..\..\Program Files (x86)\PICC\Devices\18f6722.h
 2228   258  47  ..\..\..\Program Files (x86)\PICC\Drivers\math.h
  179    86  16  TV_LOWLEVER.C
    7     0   0  TV_LOWLEVER.H
----- -----
 3777   547 Total

Page ROM  %  RAM    Vol Diff  Functions:
---- --- --- ---    --- ----  ----------
0     42   3    1             @delay_ms1
0     54   4    0    221  2.6  led32_display
0    102   7    0    452  2.8  d7seg_display
0     98   7    2    301  5.1  s7seg_display
0     12   1    0     30  1.0  buzzer_off
0     12   1    0     30  1.0  triac_2_off
0     62   4    0    394  3.2  system_init
0     90   6    4    431  6.2  CHECK_MODULE
0    170  12    6    307  6.9  sang_don_pst
0     82   6    0     38  1.2  MAIN
 Inline         0             @cinit1

Program metrics:
    Functions               9
    Statements              547
    Comments                443
    Volume (V)              3414
    Difficulty (D)          30.9
    Effort to implement (E) 105549
    Time to implement (T)   1 hours, 38 minutes
    Est Delivered Bugs (B)  1
    Cyclomatic Complexity   6
    Maintainability (MI)    24

 Segment     Used  Free
-----------  ----  ----
00000-00002     4  0  
00004-0FFFE   724  64808  
10000-1FFFE     0  65536  



