
ROM used:   2686/131072 (2%)
            2686/131072 (2%) including unused fragments

            0.7 Average locations per line
            4.0 Average locations per statement

RAM used:   75/3936 (2%) at main() level
            94/3936 (2%) worst case

Stack used: 4 worst case (3 in main + 1 for interrupts)
Stack size: 31

Lines Stmts  %   Files
----- ----- ---  -----
  215   171  26  CLIP_5.c
   26     0   0  tv_boards.c
  137   121  18  TV_MOPHONG.C
  104     0   0  TV_MOPHONG.h
  952     0   0  ..\..\..\Program Files (x86)\PICC\Devices\18f6722.h
 2228   258  39  ..\..\..\Program Files (x86)\PICC\Drivers\math.h
  179    86  13  TV_LOWLEVER.C
    7     0   0  TV_LOWLEVER.H
   45    30   5  tv_key4x4.c
   10     0   0  tv_key4x4.h
----- -----
 3903   666 Total

Page ROM  %  RAM    Vol Diff  Functions:
---- --- --- ---    --- ----  ----------
0     38   1    1             @delay_ms1
0     36   1    0             @const949
0     56   1    0    221  2.6  led32_display
0    102   2    0    452  2.8  d7seg_display
0     96   2    2    301  5.1  s7seg_display
0     24   0    0             @const970
0    168   3    2    970  7.8  KEYREAD
0     12   0    0     30  1.0  buzzer_off
0     12   0    0     30  1.0  triac_2_off
0     62   1    0    394  3.2  system_init
0     90   2    4    431  6.2  CHECK_MODULE
0     82   2    0    153  3.9  delay_start
0    142   3   13             @DIV3232
0    146   3    6    318  6.3  delay_stop
0    218   4    2    962  7.5  key4x4_read
0     40   1    0             @goto47353
0    104   2    1    779  6.7  kt_nutnhan
0    942  18    1   6303 10.4  MAIN
0     72   1    4             @DIVS88
0     40   1    3     29  1.2  @DIV88
0     18   0    0     29  1.2  ngat_timer1
 Inline         0             @cinit1

Program metrics:
    Functions               15
    Statements              666
    Comments                436
    Volume (V)              16100
    Difficulty (D)          69.9
    Effort to implement (E) 1125672
    Time to implement (T)   17 hours, 22 minutes
    Est Delivered Bugs (B)  4
    Cyclomatic Complexity   63
    Maintainability (MI)    116

 Segment     Used  Free
-----------  ----  ----
00000-00002     4  0  
00004-00006     0  4  
00008-000BC   182  0  
000BE-0FFFE  2500  62846  
10000-1FFFE     0  65536  



