
ROM used:   3092/131072 (2%)
            3092/131072 (2%) including unused fragments

            0.8 Average locations per line
            4.7 Average locations per statement

RAM used:   74/3936 (2%) at main() level
            93/3936 (2%) worst case

Stack used: 5 worst case (4 in main + 1 for interrupts)
Stack size: 31

Lines Stmts  %   Files
----- ----- ---  -----
  157   126  19  CLIP6.c
   26     0   0  tv_boards.c
  137   121  18  TV_MOPHONG.C
  104     0   0  TV_MOPHONG.h
  952     0   0  ..\..\..\Program Files (x86)\PICC\Devices\18f6722.h
 2228   258  39  ..\..\..\Program Files (x86)\PICC\Drivers\math.h
  179    86  13  TV_LOWLEVER.C
    7     0   0  TV_LOWLEVER.H
   57    35   5  tv_lcd.c
   58     0   0  TV_LCD.h
   45    30   5  tv_key4x4.c
   10     0   0  tv_key4x4.h
----- -----
 3960   656 Total

Page ROM  %  RAM    Vol Diff  Functions:
---- --- --- ---    --- ----  ----------
0     38   1    1             @delay_ms1
0     26   0    1             @delay_us1
0     56   1    0    221  2.6  led32_display
0    102   2    0    452  2.8  d7seg_display
0     98   2    2    301  5.1  s7seg_display
0     24   0    0             @const970
0    168   3    2    970  7.8  KEYREAD
0     36   1    2    158  2.1  write_lcd20x4
0     12   0    0     30  1.0  buzzer_off
0     12   0    0     30  1.0  triac_2_off
0     62   1    0    394  3.2  system_init
0     90   1    4    431  6.2  CHECK_MODULE
0     82   1    0    153  3.9  delay_start
0    142   2   13             @DIV3232
0    146   2    6    318  6.3  delay_stop
0     84   1    0             @const1050
0     30   0    1     98  2.0  lcd_command
0     32   1    1     98  2.0  lcd_data
0     86   1    2    332  4.1  lcd_setup
0     24   0    0             @const1057
0     20   0    3    155  3.8  lcd_goto
0    218   4    2    962  7.5  key4x4_read
0     40   1    0             @goto64439
0    188   3    1   1245  6.7  kt_nutnhan
0     22   0    0     29  1.2  @const1086
0     40   1    3             @PSTRINGC_1028
0    316   5    0   1064  4.8  nhapnhay
0      4   0    0     29  1.2  @const1092
0     10   0    0     29  1.2  @const1093
0      4   0    0     29  1.2  @const1094
0     12   0    0     29  1.2  @const1095
0      4   0    0     29  1.2  @const1096
0     12   0    0     29  1.2  @const1097
0      4   0    0     29  1.2  @const1098
0     16   0    0     29  1.2  @const1099
0    546   9    1   1647  7.3  MAIN
0     10   0    0     29  1.2  @const1103
0     72   1    4     29  1.2  @DIVS88
0     18   0    0     29  1.2  ngat_timer1
 Inline         0             @cinit1

Program metrics:
    Functions               31
    Statements              656
    Comments                464
    Volume (V)              16193
    Difficulty (D)          100.4
    Effort to implement (E) 1626252
    Time to implement (T)   25 hours, 6 minutes
    Est Delivered Bugs (B)  5
    Cyclomatic Complexity   56
    Maintainability (MI)    74

 Segment     Used  Free
-----------  ----  ----
00000-00002     4  0  
00004-00006     0  4  
00008-000BC   182  0  
000BE-0FFFE  2906  62440  
10000-1FFFE     0  65536  



