
ROM used:   3272/131072 (2%)
            3272/131072 (2%) including unused fragments

            0.8 Average locations per line
            5.1 Average locations per statement

RAM used:   74/3936 (2%) at main() level
            93/3936 (2%) worst case

Stack used: 6 worst case (5 in main + 1 for interrupts)
Stack size: 31

Lines Stmts  %   Files
----- ----- ---  -----
  148   117  18  CLIP7.c
   26     0   0  tv_boards.c
  137   121  19  TV_MOPHONG.C
  104     0   0  TV_MOPHONG.h
  952     0   0  ..\..\..\Program Files (x86)\PICC\Devices\18f6722.h
 2228   258  40  ..\..\..\Program Files (x86)\PICC\Drivers\math.h
  179    86  13  TV_LOWLEVER.C
    7     0   0  TV_LOWLEVER.H
   57    35   5  tv_lcd.c
   58     0   0  TV_LCD.h
   45    30   5  tv_key4x4.c
   10     0   0  tv_key4x4.h
----- -----
 3951   647 Total

Page ROM  %  RAM    Vol Diff  Functions:
---- --- --- ---    --- ----  ----------
0     38   1    1             @delay_ms1
0     26   0    1             @delay_us1
0     56   1    0    221  2.6  led32_display
0    102   2    0    452  2.8  d7seg_display
0     98   1    2    301  5.1  s7seg_display
0     24   0    0             @const970
0    168   3    2    970  7.8  KEYREAD
0     36   1    2    158  2.1  write_lcd20x4
0     12   0    0     30  1.0  buzzer_off
0     12   0    0     30  1.0  triac_2_off
0     62   1    0    394  3.2  system_init
0     90   1    4    431  6.2  CHECK_MODULE
0     82   1    0    153  3.9  delay_start
0    142   2   13             @DIV3232
0    146   2    6    318  6.3  delay_stop
0     86   1    0             @const1042
0     84   1    0             @const1050
0     30   0    1     98  2.0  lcd_command
0     32   0    1     98  2.0  lcd_data
0     86   1    2    332  4.1  lcd_setup
0     24   0    0             @const1057
0     20   0    3    155  3.8  lcd_goto
0     92   1    6    293  6.5  lcd_write_2x3_num
0     76   1    2             @MUL88
0    218   3    2    962  7.5  key4x4_read
0     40   1    0             @goto19673
0    166   3    1   1159  6.3  kt_nutnhan
0    300   5    0   1064  4.8  nhapnhay
0      8   0    0             @const1087
0     40   1    3     29  1.2  @PSTRINGC_1028
0      8   0    0             @const1092
0      8   0    0             @const1093
0      8   0    0             @const1094
0      8   0    0             @const1095
0      8   0    0             @const1096
0      8   0    0             @const1097
0      8   0    0             @const1098
0    544   8    1   1509  6.9  MAIN
0     72   1    4     29  1.2  @DIVS88
0     18   0    0     29  1.2  ngat_timer1
 Inline         0     29  1.2  @cinit1

Program metrics:
    Functions               24
    Statements              647
    Comments                464
    Volume (V)              15669
    Difficulty (D)          92.1
    Effort to implement (E) 1442645
    Time to implement (T)   22 hours, 16 minutes
    Est Delivered Bugs (B)  4
    Cyclomatic Complexity   58
    Maintainability (MI)    109

 Segment     Used  Free
-----------  ----  ----
00000-00002     4  0  
00004-00006     0  4  
00008-000BC   182  0  
000BE-0FFFE  3086  62260  
10000-1FFFE     0  65536  



