
ROM used:   1852/131072 (1%)
            1852/131072 (1%) including unused fragments

            0.5 Average locations per line
            3.3 Average locations per statement

RAM used:   47/3936 (1%) at main() level
            66/3936 (2%) worst case

Stack used: 0 worst case (0 in main + 0 for interrupts)
Stack size: 31

Lines Stmts  %   Files
----- ----- ---  -----
   86    66  12  CLIP4.c
   26     0   0  tv_boards.c
  137   121  22  TV_MOPHONG.C
  104     0   0  TV_MOPHONG.h
  952     0   0  ..\..\..\Program Files (x86)\PICC\Devices\18f6722.h
 2228   258  46  ..\..\..\Program Files (x86)\PICC\Drivers\math.h
  179    86  15  TV_LOWLEVER.C
    7     0   0  TV_LOWLEVER.H
   45    30   5  tv_key4x4.c
   10     0   0  tv_key4x4.h
----- -----
 3774   561 Total

Page ROM  %  RAM    Vol Diff  Functions:
---- --- --- ---    --- ----  ----------
0     38   1    1             @delay_ms1
0     36   1    0             @const949
0     56   2    0    221  2.6  led32_display
0    100   3    0    452  2.8  d7seg_display
0     98   3    2    301  5.1  s7seg_display
0     24   1    0             @const970
0    168   5    2    970  7.8  KEYREAD
0     12   0    0     30  1.0  buzzer_off
0     12   0    0     30  1.0  triac_2_off
0     62   2    0    394  3.2  system_init
0     90   2    4    431  6.2  CHECK_MODULE
0     82   2    0    153  3.9  delay_start
0    142   4   13             @DIV3232
0    146   4    6    318  6.3  delay_stop
0    218   6    2    962  7.5  key4x4_read
0     40   1    0             @goto8974
0     88   2    1    695  8.2  kt_nutnhan
0    364  10    1   1637 10.3  MAIN
0     72   2    4             @DIVS88
 Inline         0             @cinit1

Program metrics:
    Functions               13
    Statements              561
    Comments                434
    Volume (V)              10274
    Difficulty (D)          66.3
    Effort to implement (E) 681209
    Time to implement (T)   10 hours, 31 minutes
    Est Delivered Bugs (B)  3
    Cyclomatic Complexity   41
    Maintainability (MI)    97

 Segment     Used  Free
-----------  ----  ----
00000-00002     4  0  
00004-0FFFE  1848  63684  
10000-1FFFE     0  65536  



