
ROM used:   1752/131072 (1%)
            1752/131072 (1%) including unused fragments

            0.5 Average locations per line
            3.3 Average locations per statement

RAM used:   43/3936 (1%) at main() level
            62/3936 (2%) worst case

Stack used: 0 worst case (0 in main + 0 for interrupts)
Stack size: 31

Lines Stmts  %   Files
----- ----- ---  -----
  159    32   6  EXAMPLE_3_KEY4x4.c
   26     0   0  tv_boards.c
  137   121  23  TV_MOPHONG.C
  104     0   0  TV_MOPHONG.h
  952     0   0  ..\..\..\Program Files (x86)\PICC\Devices\18f6722.h
 2228   258  49  ..\..\..\Program Files (x86)\PICC\Drivers\math.h
  179    86  16  TV_LOWLEVER.C
    7     0   0  TV_LOWLEVER.H
   45    30   6  tv_key4x4.c
   10     0   0  tv_key4x4.h
----- -----
 3847   527 Total

Page ROM  %  RAM    Vol Diff  Functions:
---- --- --- ---    --- ----  ----------
0     38   1    1             @delay_ms1
0     36   1    0             @const949
0     54   2    0    221  2.6  led32_display
0    100   3    0    452  2.8  d7seg_display
0     98   3    2    301  5.1  s7seg_display
0     24   1    0             @const970
0    168   5    2    970  7.8  KEYREAD
0     12   0    0     30  1.0  buzzer_off
0     12   0    0     30  1.0  triac_2_off
0     62   2    0    394  3.2  system_init
0     90   3    4    431  6.2  CHECK_MODULE
0     82   2    0    153  3.9  delay_start
0    142   4   13             @DIV3232
0    146   4    6    318  6.3  delay_stop
0    218   6    2    962  7.5  key4x4_read
0     40   1    0             @goto11174
0    146   4    1    662  7.2  quetphim_xuly
0     40   1    3             @DIV88
0     66   2    0    213  5.4  sangdan16led
0    174   5    1    354  5.1  MAIN
 Inline         0             @cinit1

Program metrics:
    Functions               14
    Statements              527
    Comments                1460
    Volume (V)              8929
    Difficulty (D)          65.4
    Effort to implement (E) 583691
    Time to implement (T)   9 hours, 0 minutes
    Est Delivered Bugs (B)  2
    Cyclomatic Complexity   35
    Maintainability (MI)    72

 Segment     Used  Free
-----------  ----  ----
00000-00002     4  0  
00004-0FFFE  1748  63784  
10000-1FFFE     0  65536  



